<?xml version="1.0" encoding="UTF-8"?>
<!-- Generated by org.testng.reporters.JUnitXMLReporter -->
<testsuite hostname="DESKTOP-BM4NCDP" ignored="0" name="Default test" tests="3" failures="0" timestamp="19 Mar 2021 04:27:45 GMT" time="57.62" errors="0">
  <testcase name="getAlluser" time="31.31" classname="com.Gorest.Test.GetAllUserDataApi"/>
  <testcase name="reqWithoutAuth" time="17.658" classname="com.Gorest.Test.GetAllUserDataApi"/>
  <testcase name="validateHeader" time="6.428" classname="com.Gorest.Test.GetAllUserDataApi"/>
</testsuite> <!-- Default test -->
