<?xml version="1.0" encoding="UTF-8"?>
<testng-results skipped="0" failed="0" ignored="0" total="3" passed="3">
  <reporter-output>
  </reporter-output>
  <suite name="Default suite" duration-ms="57620" started-at="2021-03-19T04:26:47Z" finished-at="2021-03-19T04:27:45Z">
    <groups>
    </groups>
    <test name="Default test" duration-ms="57620" started-at="2021-03-19T04:26:47Z" finished-at="2021-03-19T04:27:45Z">
      <class name="com.Gorest.Test.GetAllUserDataApi">
        <test-method status="PASS" signature="baseClass()[pri:0, instance:com.Gorest.Test.GetAllUserDataApi@1a968a59]" name="baseClass" is-config="true" duration-ms="2150" started-at="2021-03-19T04:26:47Z" finished-at="2021-03-19T04:26:49Z">
          <reporter-output>
          </reporter-output>
        </test-method> <!-- baseClass -->
        <test-method status="PASS" signature="getAlluser()[pri:0, instance:com.Gorest.Test.GetAllUserDataApi@1a968a59]" name="getAlluser" duration-ms="31310" started-at="2021-03-19T04:26:49Z" finished-at="2021-03-19T04:27:21Z">
          <reporter-output>
          </reporter-output>
        </test-method> <!-- getAlluser -->
        <test-method status="PASS" signature="reqWithoutAuth()[pri:0, instance:com.Gorest.Test.GetAllUserDataApi@1a968a59]" name="reqWithoutAuth" duration-ms="17658" started-at="2021-03-19T04:27:21Z" finished-at="2021-03-19T04:27:38Z">
          <reporter-output>
          </reporter-output>
        </test-method> <!-- reqWithoutAuth -->
        <test-method status="PASS" signature="validateHeader()[pri:0, instance:com.Gorest.Test.GetAllUserDataApi@1a968a59]" name="validateHeader" duration-ms="6428" started-at="2021-03-19T04:27:38Z" finished-at="2021-03-19T04:27:45Z">
          <reporter-output>
          </reporter-output>
        </test-method> <!-- validateHeader -->
      </class> <!-- com.Gorest.Test.GetAllUserDataApi -->
    </test> <!-- Default test -->
  </suite> <!-- Default suite -->
</testng-results>
